<?xml version="1.0" encoding="UTF-8"?>
<testng-results ignored="0" total="1" passed="1" failed="0" skipped="0">
  <reporter-output>
  </reporter-output>
  <suite started-at="2023-10-18T17:26:13 CDT" name="Default suite" finished-at="2023-10-18T17:26:22 CDT" duration-ms="9745">
    <groups>
    </groups>
    <test started-at="2023-10-18T17:26:13 CDT" name="Default test" finished-at="2023-10-18T17:26:22 CDT" duration-ms="9745">
      <class name="test.AddCustomerTest">
        <test-method signature="userShoudBeAbleToAddCustomer()[pri:0, instance:test.AddCustomerTest@22ef9844]" started-at="2023-10-18T17:26:13 CDT" name="userShoudBeAbleToAddCustomer" finished-at="2023-10-18T17:26:22 CDT" duration-ms="9713" status="PASS">
          <reporter-output>
          </reporter-output>
        </test-method> <!-- userShoudBeAbleToAddCustomer -->
      </class> <!-- test.AddCustomerTest -->
    </test> <!-- Default test -->
  </suite> <!-- Default suite -->
</testng-results>
